<?xml version="1.0" encoding="UTF-8"?>
<coverage generated="1591765269545" clover="3.2.0">
  <project timestamp="1591765269546" name="All files">
    <metrics statements="7" coveredstatements="7" conditionals="69" coveredconditionals="41" methods="20" coveredmethods="15" elements="96" coveredelements="63" complexity="0" loc="7" ncloc="7" packages="1" files="1" classes="1">
      <file name="Loader.js" path="/Users/Levi/Desktop/CODE/code_practice/ReactNative/manager/src/components/common/Loader/Loader.js">
        <metrics statements="7" coveredstatements="7" conditionals="69" coveredconditionals="41" methods="20" coveredmethods="15"/>
        <line num="1" count="1" type="stmt"/>
        <line num="2" count="16" type="cond" truecount="41" falsecount="28"/>
        <line num="9" count="1" type="stmt"/>
        <line num="11" count="1" type="stmt"/>
        <line num="17" count="1" type="stmt"/>
        <line num="20" count="1" type="stmt"/>
        <line num="37" count="1" type="stmt"/>
      </file>
    </metrics>
  </project>
</coverage>
