{"/Users/Levi/Desktop/CODE/code_practice/ReactNative/manager/src/components/common/Loader/Loader.js": {"path":"/Users/Levi/Desktop/CODE/code_practice/ReactNative/manager/src/components/common/Loader/Loader.js","statementMap":{"0":{"start":{"line":1,"column":13},"end":{"line":1,"column":75}},"1":{"start":{"line":1,"column":75},"end":{"line":1,"column":100}},"2":{"start":{"line":1,"column":113},"end":{"line":1,"column":154}},"3":{"start":{"line":2,"column":19},"end":{"line":2,"column":42}},"4":{"start":{"line":2,"column":62},"end":{"line":2,"column":161}},"5":{"start":{"line":2,"column":199},"end":{"line":2,"column":246}},"6":{"start":{"line":2,"column":234},"end":{"line":2,"column":246}},"7":{"start":{"line":2,"column":258},"end":{"line":2,"column":271}},"8":{"start":{"line":2,"column":272},"end":{"line":2,"column":351}},"9":{"start":{"line":2,"column":336},"end":{"line":2,"column":349}},"10":{"start":{"line":2,"column":351},"end":{"line":2,"column":364}},"11":{"start":{"line":2,"column":404},"end":{"line":2,"column":444}},"12":{"start":{"line":2,"column":432},"end":{"line":2,"column":443}},"13":{"start":{"line":2,"column":444},"end":{"line":2,"column":544}},"14":{"start":{"line":2,"column":519},"end":{"line":2,"column":543}},"15":{"start":{"line":2,"column":556},"end":{"line":2,"column":582}},"16":{"start":{"line":2,"column":583},"end":{"line":2,"column":636}},"17":{"start":{"line":2,"column":613},"end":{"line":2,"column":635}},"18":{"start":{"line":2,"column":649},"end":{"line":2,"column":651}},"19":{"start":{"line":2,"column":680},"end":{"line":2,"column":736}},"20":{"start":{"line":2,"column":737},"end":{"line":2,"column":1008}},"21":{"start":{"line":2,"column":759},"end":{"line":2,"column":1007}},"22":{"start":{"line":2,"column":823},"end":{"line":2,"column":895}},"23":{"start":{"line":2,"column":896},"end":{"line":2,"column":1006}},"24":{"start":{"line":2,"column":933},"end":{"line":2,"column":974}},"25":{"start":{"line":2,"column":982},"end":{"line":2,"column":1005}},"26":{"start":{"line":2,"column":1008},"end":{"line":2,"column":1029}},"27":{"start":{"line":2,"column":1029},"end":{"line":2,"column":1065}},"28":{"start":{"line":2,"column":1041},"end":{"line":2,"column":1064}},"29":{"start":{"line":2,"column":1065},"end":{"line":2,"column":1079}},"30":{"start":{"line":2,"column":1129},"end":{"line":2,"column":1228}},"31":{"start":{"line":2,"column":1170},"end":{"line":2,"column":1227}},"32":{"start":{"line":2,"column":1272},"end":{"line":2,"column":1537}},"33":{"start":{"line":2,"column":1329},"end":{"line":2,"column":1337}},"34":{"start":{"line":2,"column":1338},"end":{"line":2,"column":1393}},"35":{"start":{"line":2,"column":1393},"end":{"line":2,"column":1424}},"36":{"start":{"line":2,"column":1424},"end":{"line":2,"column":1478}},"37":{"start":{"line":2,"column":1451},"end":{"line":2,"column":1478}},"38":{"start":{"line":2,"column":1478},"end":{"line":2,"column":1536}},"39":{"start":{"line":2,"column":1599},"end":{"line":2,"column":1668}},"40":{"start":{"line":2,"column":1615},"end":{"line":2,"column":1668}},"41":{"start":{"line":2,"column":1668},"end":{"line":2,"column":1729}},"42":{"start":{"line":2,"column":1685},"end":{"line":2,"column":1729}},"43":{"start":{"line":2,"column":1729},"end":{"line":2,"column":1748}},"44":{"start":{"line":2,"column":1791},"end":{"line":2,"column":1928}},"45":{"start":{"line":2,"column":1853},"end":{"line":2,"column":1927}},"46":{"start":{"line":2,"column":1928},"end":{"line":2,"column":2073}},"47":{"start":{"line":2,"column":2073},"end":{"line":2,"column":2127}},"48":{"start":{"line":2,"column":2089},"end":{"line":2,"column":2127}},"49":{"start":{"line":2,"column":2160},"end":{"line":2,"column":2262}},"50":{"start":{"line":2,"column":2235},"end":{"line":2,"column":2251}},"51":{"start":{"line":2,"column":2251},"end":{"line":2,"column":2260}},"52":{"start":{"line":2,"column":2262},"end":{"line":2,"column":2291}},"53":{"start":{"line":2,"column":2356},"end":{"line":2,"column":2383}},"54":{"start":{"line":2,"column":2384},"end":{"line":2,"column":2703}},"55":{"start":{"line":2,"column":2436},"end":{"line":2,"column":2460}},"56":{"start":{"line":2,"column":2468},"end":{"line":2,"column":2653}},"57":{"start":{"line":2,"column":2516},"end":{"line":2,"column":2549}},"58":{"start":{"line":2,"column":2550},"end":{"line":2,"column":2606}},"59":{"start":{"line":2,"column":2614},"end":{"line":2,"column":2652}},"60":{"start":{"line":2,"column":2653},"end":{"line":2,"column":2701}},"61":{"start":{"line":2,"column":2753},"end":{"line":2,"column":2837}},"62":{"start":{"line":2,"column":2824},"end":{"line":2,"column":2836}},"63":{"start":{"line":2,"column":2837},"end":{"line":2,"column":2873}},"64":{"start":{"line":2,"column":2913},"end":{"line":2,"column":3022}},"65":{"start":{"line":2,"column":2935},"end":{"line":2,"column":3021}},"66":{"start":{"line":2,"column":3022},"end":{"line":2,"column":3034}},"67":{"start":{"line":2,"column":3073},"end":{"line":2,"column":3144}},"68":{"start":{"line":2,"column":3131},"end":{"line":2,"column":3144}},"69":{"start":{"line":2,"column":3144},"end":{"line":2,"column":3185}},"70":{"start":{"line":2,"column":3172},"end":{"line":2,"column":3185}},"71":{"start":{"line":2,"column":3185},"end":{"line":2,"column":3230}},"72":{"start":{"line":2,"column":3218},"end":{"line":2,"column":3230}},"73":{"start":{"line":2,"column":3230},"end":{"line":2,"column":3348}},"74":{"start":{"line":2,"column":3235},"end":{"line":2,"column":3309}},"75":{"start":{"line":2,"column":3309},"end":{"line":2,"column":3321}},"76":{"start":{"line":2,"column":3334},"end":{"line":2,"column":3347}},"77":{"start":{"line":2,"column":3378},"end":{"line":2,"column":3522}},"78":{"start":{"line":2,"column":3473},"end":{"line":2,"column":3520}},"79":{"start":{"line":2,"column":3522},"end":{"line":2,"column":3548}},"80":{"start":{"line":9,"column":9},"end":{"line":17,"column":43}},"81":{"start":{"line":9,"column":32},"end":{"line":9,"column":62}},"82":{"start":{"line":9,"column":75},"end":{"line":9,"column":95}},"83":{"start":{"line":9,"column":115},"end":{"line":9,"column":145}},"84":{"start":{"line":9,"column":145},"end":{"line":9,"column":182}},"85":{"start":{"line":9,"column":183},"end":{"line":17,"column":10}},"86":{"start":{"line":11,"column":6},"end":{"line":14,"column":187}},"87":{"start":{"line":17,"column":10},"end":{"line":17,"column":24}},"88":{"start":{"line":20,"column":13},"end":{"line":33,"column":32}},"89":{"start":{"line":37,"column":0},"end":{"line":37,"column":6}},"90":{"start":{"line":37,"column":7},"end":{"line":37,"column":34}}},"fnMap":{"0":{"name":"_getRequireWildcardCache","decl":{"start":{"line":2,"column":171},"end":{"line":2,"column":195}},"loc":{"start":{"line":2,"column":198},"end":{"line":2,"column":365}},"line":2},"1":{"name":"_getRequireWildcardCache","decl":{"start":{"line":2,"column":308},"end":{"line":2,"column":332}},"loc":{"start":{"line":2,"column":335},"end":{"line":2,"column":350}},"line":2},"2":{"name":"_interopRequireWildcard","decl":{"start":{"line":2,"column":374},"end":{"line":2,"column":397}},"loc":{"start":{"line":2,"column":403},"end":{"line":2,"column":1080}},"line":2},"3":{"name":"_classCallCheck","decl":{"start":{"line":2,"column":1089},"end":{"line":2,"column":1104}},"loc":{"start":{"line":2,"column":1128},"end":{"line":2,"column":1229}},"line":2},"4":{"name":"_defineProperties","decl":{"start":{"line":2,"column":1238},"end":{"line":2,"column":1255}},"loc":{"start":{"line":2,"column":1271},"end":{"line":2,"column":1538}},"line":2},"5":{"name":"_createClass","decl":{"start":{"line":2,"column":1547},"end":{"line":2,"column":1559}},"loc":{"start":{"line":2,"column":1598},"end":{"line":2,"column":1749}},"line":2},"6":{"name":"_inherits","decl":{"start":{"line":2,"column":1758},"end":{"line":2,"column":1767}},"loc":{"start":{"line":2,"column":1790},"end":{"line":2,"column":2128}},"line":2},"7":{"name":"_setPrototypeOf","decl":{"start":{"line":2,"column":2137},"end":{"line":2,"column":2152}},"loc":{"start":{"line":2,"column":2159},"end":{"line":2,"column":2292}},"line":2},"8":{"name":"_setPrototypeOf","decl":{"start":{"line":2,"column":2212},"end":{"line":2,"column":2227}},"loc":{"start":{"line":2,"column":2234},"end":{"line":2,"column":2261}},"line":2},"9":{"name":"_createSuper","decl":{"start":{"line":2,"column":2301},"end":{"line":2,"column":2313}},"loc":{"start":{"line":2,"column":2323},"end":{"line":2,"column":2704}},"line":2},"10":{"name":"_createSuperInternal","decl":{"start":{"line":2,"column":2400},"end":{"line":2,"column":2420}},"loc":{"start":{"line":2,"column":2423},"end":{"line":2,"column":2702}},"line":2},"11":{"name":"_possibleConstructorReturn","decl":{"start":{"line":2,"column":2713},"end":{"line":2,"column":2739}},"loc":{"start":{"line":2,"column":2752},"end":{"line":2,"column":2874}},"line":2},"12":{"name":"_assertThisInitialized","decl":{"start":{"line":2,"column":2883},"end":{"line":2,"column":2905}},"loc":{"start":{"line":2,"column":2912},"end":{"line":2,"column":3035}},"line":2},"13":{"name":"_isNativeReflectConstruct","decl":{"start":{"line":2,"column":3044},"end":{"line":2,"column":3069}},"loc":{"start":{"line":2,"column":3072},"end":{"line":2,"column":3349}},"line":2},"14":{"name":"(anonymous_14)","decl":{"start":{"line":2,"column":3292},"end":{"line":2,"column":3293}},"loc":{"start":{"line":2,"column":3304},"end":{"line":2,"column":3306}},"line":2},"15":{"name":"_getPrototypeOf","decl":{"start":{"line":2,"column":3358},"end":{"line":2,"column":3373}},"loc":{"start":{"line":2,"column":3377},"end":{"line":2,"column":3549}},"line":2},"16":{"name":"_getPrototypeOf","decl":{"start":{"line":2,"column":3453},"end":{"line":2,"column":3468}},"loc":{"start":{"line":2,"column":3472},"end":{"line":2,"column":3521}},"line":2},"17":{"name":"(anonymous_17)","decl":{"start":{"line":9,"column":9},"end":{"line":9,"column":10}},"loc":{"start":{"line":9,"column":31},"end":{"line":17,"column":25}},"line":9},"18":{"name":"Loader","decl":{"start":{"line":9,"column":105},"end":{"line":9,"column":111}},"loc":{"start":{"line":9,"column":114},"end":{"line":9,"column":183}},"line":9},"19":{"name":"render","decl":{"start":{"line":9,"column":238},"end":{"line":9,"column":244}},"loc":{"start":{"line":10,"column":4},"end":{"line":17,"column":5}},"line":10}},"branchMap":{"0":{"loc":{"start":{"line":2,"column":199},"end":{"line":2,"column":246}},"type":"if","locations":[{"start":{"line":2,"column":199},"end":{"line":2,"column":246}},{"start":{"line":2,"column":199},"end":{"line":2,"column":246}}],"line":2},"1":{"loc":{"start":{"line":2,"column":404},"end":{"line":2,"column":444}},"type":"if","locations":[{"start":{"line":2,"column":404},"end":{"line":2,"column":444}},{"start":{"line":2,"column":404},"end":{"line":2,"column":444}}],"line":2},"2":{"loc":{"start":{"line":2,"column":408},"end":{"line":2,"column":429}},"type":"binary-expr","locations":[{"start":{"line":2,"column":408},"end":{"line":2,"column":411}},{"start":{"line":2,"column":415},"end":{"line":2,"column":429}}],"line":2},"3":{"loc":{"start":{"line":2,"column":444},"end":{"line":2,"column":544}},"type":"if","locations":[{"start":{"line":2,"column":444},"end":{"line":2,"column":544}},{"start":{"line":2,"column":444},"end":{"line":2,"column":544}}],"line":2},"4":{"loc":{"start":{"line":2,"column":448},"end":{"line":2,"column":516}},"type":"binary-expr","locations":[{"start":{"line":2,"column":448},"end":{"line":2,"column":460}},{"start":{"line":2,"column":464},"end":{"line":2,"column":487}},{"start":{"line":2,"column":491},"end":{"line":2,"column":516}}],"line":2},"5":{"loc":{"start":{"line":2,"column":583},"end":{"line":2,"column":636}},"type":"if","locations":[{"start":{"line":2,"column":583},"end":{"line":2,"column":636}},{"start":{"line":2,"column":583},"end":{"line":2,"column":636}}],"line":2},"6":{"loc":{"start":{"line":2,"column":587},"end":{"line":2,"column":610}},"type":"binary-expr","locations":[{"start":{"line":2,"column":587},"end":{"line":2,"column":592}},{"start":{"line":2,"column":596},"end":{"line":2,"column":610}}],"line":2},"7":{"loc":{"start":{"line":2,"column":680},"end":{"line":2,"column":736}},"type":"binary-expr","locations":[{"start":{"line":2,"column":680},"end":{"line":2,"column":701}},{"start":{"line":2,"column":705},"end":{"line":2,"column":736}}],"line":2},"8":{"loc":{"start":{"line":2,"column":759},"end":{"line":2,"column":1007}},"type":"if","locations":[{"start":{"line":2,"column":759},"end":{"line":2,"column":1007}},{"start":{"line":2,"column":759},"end":{"line":2,"column":1007}}],"line":2},"9":{"loc":{"start":{"line":2,"column":823},"end":{"line":2,"column":895}},"type":"cond-expr","locations":[{"start":{"line":2,"column":847},"end":{"line":2,"column":888}},{"start":{"line":2,"column":891},"end":{"line":2,"column":895}}],"line":2},"10":{"loc":{"start":{"line":2,"column":896},"end":{"line":2,"column":1006}},"type":"if","locations":[{"start":{"line":2,"column":896},"end":{"line":2,"column":1006}},{"start":{"line":2,"column":896},"end":{"line":2,"column":1006}}],"line":2},"11":{"loc":{"start":{"line":2,"column":900},"end":{"line":2,"column":930}},"type":"binary-expr","locations":[{"start":{"line":2,"column":900},"end":{"line":2,"column":904}},{"start":{"line":2,"column":909},"end":{"line":2,"column":917}},{"start":{"line":2,"column":921},"end":{"line":2,"column":929}}],"line":2},"12":{"loc":{"start":{"line":2,"column":1029},"end":{"line":2,"column":1065}},"type":"if","locations":[{"start":{"line":2,"column":1029},"end":{"line":2,"column":1065}},{"start":{"line":2,"column":1029},"end":{"line":2,"column":1065}}],"line":2},"13":{"loc":{"start":{"line":2,"column":1129},"end":{"line":2,"column":1228}},"type":"if","locations":[{"start":{"line":2,"column":1129},"end":{"line":2,"column":1228}},{"start":{"line":2,"column":1129},"end":{"line":2,"column":1228}}],"line":2},"14":{"loc":{"start":{"line":2,"column":1362},"end":{"line":2,"column":1392}},"type":"binary-expr","locations":[{"start":{"line":2,"column":1362},"end":{"line":2,"column":1383}},{"start":{"line":2,"column":1387},"end":{"line":2,"column":1392}}],"line":2},"15":{"loc":{"start":{"line":2,"column":1424},"end":{"line":2,"column":1478}},"type":"if","locations":[{"start":{"line":2,"column":1424},"end":{"line":2,"column":1478}},{"start":{"line":2,"column":1424},"end":{"line":2,"column":1478}}],"line":2},"16":{"loc":{"start":{"line":2,"column":1599},"end":{"line":2,"column":1668}},"type":"if","locations":[{"start":{"line":2,"column":1599},"end":{"line":2,"column":1668}},{"start":{"line":2,"column":1599},"end":{"line":2,"column":1668}}],"line":2},"17":{"loc":{"start":{"line":2,"column":1668},"end":{"line":2,"column":1729}},"type":"if","locations":[{"start":{"line":2,"column":1668},"end":{"line":2,"column":1729}},{"start":{"line":2,"column":1668},"end":{"line":2,"column":1729}}],"line":2},"18":{"loc":{"start":{"line":2,"column":1791},"end":{"line":2,"column":1928}},"type":"if","locations":[{"start":{"line":2,"column":1791},"end":{"line":2,"column":1928}},{"start":{"line":2,"column":1791},"end":{"line":2,"column":1928}}],"line":2},"19":{"loc":{"start":{"line":2,"column":1795},"end":{"line":2,"column":1850}},"type":"binary-expr","locations":[{"start":{"line":2,"column":1795},"end":{"line":2,"column":1827}},{"start":{"line":2,"column":1831},"end":{"line":2,"column":1850}}],"line":2},"20":{"loc":{"start":{"line":2,"column":1963},"end":{"line":2,"column":1997}},"type":"binary-expr","locations":[{"start":{"line":2,"column":1963},"end":{"line":2,"column":1973}},{"start":{"line":2,"column":1977},"end":{"line":2,"column":1997}}],"line":2},"21":{"loc":{"start":{"line":2,"column":2073},"end":{"line":2,"column":2127}},"type":"if","locations":[{"start":{"line":2,"column":2073},"end":{"line":2,"column":2127}},{"start":{"line":2,"column":2073},"end":{"line":2,"column":2127}}],"line":2},"22":{"loc":{"start":{"line":2,"column":2178},"end":{"line":2,"column":2261}},"type":"binary-expr","locations":[{"start":{"line":2,"column":2178},"end":{"line":2,"column":2199}},{"start":{"line":2,"column":2203},"end":{"line":2,"column":2261}}],"line":2},"23":{"loc":{"start":{"line":2,"column":2468},"end":{"line":2,"column":2653}},"type":"if","locations":[{"start":{"line":2,"column":2468},"end":{"line":2,"column":2653}},{"start":{"line":2,"column":2468},"end":{"line":2,"column":2653}}],"line":2},"24":{"loc":{"start":{"line":2,"column":2753},"end":{"line":2,"column":2837}},"type":"if","locations":[{"start":{"line":2,"column":2753},"end":{"line":2,"column":2837}},{"start":{"line":2,"column":2753},"end":{"line":2,"column":2837}}],"line":2},"25":{"loc":{"start":{"line":2,"column":2757},"end":{"line":2,"column":2821}},"type":"binary-expr","locations":[{"start":{"line":2,"column":2757},"end":{"line":2,"column":2761}},{"start":{"line":2,"column":2766},"end":{"line":2,"column":2790}},{"start":{"line":2,"column":2794},"end":{"line":2,"column":2820}}],"line":2},"26":{"loc":{"start":{"line":2,"column":2913},"end":{"line":2,"column":3022}},"type":"if","locations":[{"start":{"line":2,"column":2913},"end":{"line":2,"column":3022}},{"start":{"line":2,"column":2913},"end":{"line":2,"column":3022}}],"line":2},"27":{"loc":{"start":{"line":2,"column":3073},"end":{"line":2,"column":3144}},"type":"if","locations":[{"start":{"line":2,"column":3073},"end":{"line":2,"column":3144}},{"start":{"line":2,"column":3073},"end":{"line":2,"column":3144}}],"line":2},"28":{"loc":{"start":{"line":2,"column":3077},"end":{"line":2,"column":3129}},"type":"binary-expr","locations":[{"start":{"line":2,"column":3077},"end":{"line":2,"column":3107}},{"start":{"line":2,"column":3111},"end":{"line":2,"column":3129}}],"line":2},"29":{"loc":{"start":{"line":2,"column":3144},"end":{"line":2,"column":3185}},"type":"if","locations":[{"start":{"line":2,"column":3144},"end":{"line":2,"column":3185}},{"start":{"line":2,"column":3144},"end":{"line":2,"column":3185}}],"line":2},"30":{"loc":{"start":{"line":2,"column":3185},"end":{"line":2,"column":3230}},"type":"if","locations":[{"start":{"line":2,"column":3185},"end":{"line":2,"column":3230}},{"start":{"line":2,"column":3185},"end":{"line":2,"column":3230}}],"line":2},"31":{"loc":{"start":{"line":2,"column":3396},"end":{"line":2,"column":3521}},"type":"cond-expr","locations":[{"start":{"line":2,"column":3420},"end":{"line":2,"column":3441}},{"start":{"line":2,"column":3444},"end":{"line":2,"column":3521}}],"line":2},"32":{"loc":{"start":{"line":2,"column":3480},"end":{"line":2,"column":3519}},"type":"binary-expr","locations":[{"start":{"line":2,"column":3480},"end":{"line":2,"column":3491}},{"start":{"line":2,"column":3495},"end":{"line":2,"column":3519}}],"line":2}},"s":{"0":1,"1":1,"2":1,"3":1,"4":1,"5":1,"6":0,"7":1,"8":1,"9":0,"10":1,"11":1,"12":0,"13":1,"14":0,"15":1,"16":1,"17":0,"18":1,"19":1,"20":1,"21":16,"22":16,"23":16,"24":0,"25":16,"26":1,"27":1,"28":1,"29":1,"30":1,"31":0,"32":1,"33":1,"34":1,"35":1,"36":1,"37":1,"38":1,"39":1,"40":1,"41":1,"42":0,"43":1,"44":1,"45":0,"46":1,"47":1,"48":1,"49":1,"50":0,"51":0,"52":1,"53":1,"54":1,"55":1,"56":1,"57":1,"58":1,"59":0,"60":1,"61":1,"62":1,"63":0,"64":0,"65":0,"66":0,"67":1,"68":0,"69":1,"70":0,"71":1,"72":1,"73":0,"74":0,"75":0,"76":0,"77":1,"78":0,"79":1,"80":1,"81":1,"82":1,"83":1,"84":1,"85":1,"86":1,"87":1,"88":1,"89":1,"90":1},"f":{"0":1,"1":0,"2":1,"3":1,"4":1,"5":1,"6":1,"7":1,"8":0,"9":1,"10":1,"11":1,"12":0,"13":1,"14":0,"15":1,"16":0,"17":1,"18":1,"19":1},"b":{"0":[0,1],"1":[0,1],"2":[1,1],"3":[0,1],"4":[1,1,0],"5":[0,1],"6":[1,1],"7":[1,1],"8":[16,0],"9":[16,0],"10":[0,16],"11":[16,16,16],"12":[1,0],"13":[0,1],"14":[1,1],"15":[1,0],"16":[1,0],"17":[0,1],"18":[0,1],"19":[1,0],"20":[1,1],"21":[1,0],"22":[1,0],"23":[1,0],"24":[1,0],"25":[1,1,0],"26":[0,0],"27":[0,1],"28":[1,1],"29":[0,1],"30":[1,0],"31":[1,0],"32":[0,0]},"_coverageSchema":"332fd63041d2c1bcb487cc26dd0d5f7d97098a6c","hash":"84d4358d2fceb383e144afdf442113c74b2660b2"}
}
