TN:
SF:/Users/Levi/Desktop/CODE/code_practice/ReactNative/manager/src/components/common/Loader/Loader.js
FN:2,_getRequireWildcardCache
FN:2,_getRequireWildcardCache
FN:2,_interopRequireWildcard
FN:2,_classCallCheck
FN:2,_defineProperties
FN:2,_createClass
FN:2,_inherits
FN:2,_setPrototypeOf
FN:2,_setPrototypeOf
FN:2,_createSuper
FN:2,_createSuperInternal
FN:2,_possibleConstructorReturn
FN:2,_assertThisInitialized
FN:2,_isNativeReflectConstruct
FN:2,(anonymous_14)
FN:2,_getPrototypeOf
FN:2,_getPrototypeOf
FN:9,(anonymous_17)
FN:9,Loader
FN:9,render
FNF:20
FNH:15
FNDA:1,_getRequireWildcardCache
FNDA:0,_getRequireWildcardCache
FNDA:1,_interopRequireWildcard
FNDA:1,_classCallCheck
FNDA:1,_defineProperties
FNDA:1,_createClass
FNDA:1,_inherits
FNDA:1,_setPrototypeOf
FNDA:0,_setPrototypeOf
FNDA:1,_createSuper
FNDA:1,_createSuperInternal
FNDA:1,_possibleConstructorReturn
FNDA:0,_assertThisInitialized
FNDA:1,_isNativeReflectConstruct
FNDA:0,(anonymous_14)
FNDA:1,_getPrototypeOf
FNDA:0,_getPrototypeOf
FNDA:1,(anonymous_17)
FNDA:1,Loader
FNDA:1,render
DA:1,1
DA:2,16
DA:9,1
DA:11,1
DA:17,1
DA:20,1
DA:37,1
LF:7
LH:7
BRDA:2,0,0,0
BRDA:2,0,1,1
BRDA:2,1,0,0
BRDA:2,1,1,1
BRDA:2,2,0,1
BRDA:2,2,1,1
BRDA:2,3,0,0
BRDA:2,3,1,1
BRDA:2,4,0,1
BRDA:2,4,1,1
BRDA:2,4,2,0
BRDA:2,5,0,0
BRDA:2,5,1,1
BRDA:2,6,0,1
BRDA:2,6,1,1
BRDA:2,7,0,1
BRDA:2,7,1,1
BRDA:2,8,0,16
BRDA:2,8,1,0
BRDA:2,9,0,16
BRDA:2,9,1,0
BRDA:2,10,0,0
BRDA:2,10,1,16
BRDA:2,11,0,16
BRDA:2,11,1,16
BRDA:2,11,2,16
BRDA:2,12,0,1
BRDA:2,12,1,0
BRDA:2,13,0,0
BRDA:2,13,1,1
BRDA:2,14,0,1
BRDA:2,14,1,1
BRDA:2,15,0,1
BRDA:2,15,1,0
BRDA:2,16,0,1
BRDA:2,16,1,0
BRDA:2,17,0,0
BRDA:2,17,1,1
BRDA:2,18,0,0
BRDA:2,18,1,1
BRDA:2,19,0,1
BRDA:2,19,1,0
BRDA:2,20,0,1
BRDA:2,20,1,1
BRDA:2,21,0,1
BRDA:2,21,1,0
BRDA:2,22,0,1
BRDA:2,22,1,0
BRDA:2,23,0,1
BRDA:2,23,1,0
BRDA:2,24,0,1
BRDA:2,24,1,0
BRDA:2,25,0,1
BRDA:2,25,1,1
BRDA:2,25,2,0
BRDA:2,26,0,0
BRDA:2,26,1,0
BRDA:2,27,0,0
BRDA:2,27,1,1
BRDA:2,28,0,1
BRDA:2,28,1,1
BRDA:2,29,0,0
BRDA:2,29,1,1
BRDA:2,30,0,1
BRDA:2,30,1,0
BRDA:2,31,0,1
BRDA:2,31,1,0
BRDA:2,32,0,0
BRDA:2,32,1,0
BRF:69
BRH:41
end_of_record
